#
# An unexpected error has been detected by HotSpot Virtual Machine:
#
#  EXCEPTION_ACCESS_VIOLATION (0xc0000005) at pc=0x7c928fea, pid=1744, tid=2324
#
# Java VM: Java HotSpot(TM) Client VM (1.5.0_11-b03 mixed mode)
# Problematic frame:
# C  [ntdll.dll+0x18fea]
#

---------------  T H R E A D  ---------------

Current thread (0x00a9adb8):  JavaThread "JDWP Command Reader" daemon [_thread_in_native, id=2324]

siginfo: ExceptionCode=0xc0000005, writing address 0x00000010

Registers:
EAX=0x00000000, EBX=0x00000000, ECX=0x00003444, EDX=0x0abd8be4
ESP=0x0adffad8, EBP=0x0adffb4c, ESI=0x0abd8bd4, EDI=0x00000000
EIP=0x7c928fea, EFLAGS=0x00010246

Top of Stack: (sp=0x0adffad8)
0x0adffad8:   0abb20b8 00000000 00000000 ffb3b4c0
0x0adffae8:   ffffffff 000bb990 00000000 00000000
0x0adffaf8:   0adffb70 719d57c9 000033d0 00003458
0x0adffb08:   00000002 719d44b0 0adffbfc 0adffc08
0x0adffb18:   00000001 0adffbe4 00000001 00000000
0x0adffb28:   00000020 0adffc68 0adffbf4 00000000
0x0adffb38:   00000004 000033d0 00000000 00000000
0x0adffb48:   00003444 0adffbe4 7c91104b 00bd8bd4 

Instructions: (pc=0x7c928fea)
0x7c928fda:   8b 46 10 3b c3 89 45 fc 0f 84 9e 00 00 00 8b 06
0x7c928fea:   ff 40 10 8b 45 fc 83 e0 01 89 45 e8 8b 06 ff 40 


Stack: [0x0adc0000,0x0ae00000),  sp=0x0adffad8,  free space=254k
Native frames: (J=compiled Java code, j=interpreted, Vv=VM code, C=native code)
C  [ntdll.dll+0x18fea]
C  [ntdll.dll+0x104b]


---------------  P R O C E S S  ---------------

Java Threads: ( => current thread )
  0x0af57a48 JavaThread "Java2D Disposer" daemon [_thread_blocked, id=2108]
  0x00036770 JavaThread "DestroyJavaVM" [_thread_blocked, id=288]
  0x0af52010 JavaThread "AWT-EventQueue-0" [_thread_blocked, id=3952]
  0x00a938b0 JavaThread "AWT-Shutdown" [_thread_blocked, id=3788]
  0x00a9ee68 JavaThread "Low Memory Detector" daemon [_thread_blocked, id=2824]
  0x00a9d548 JavaThread "CompilerThread0" daemon [_thread_blocked, id=1248]
  0x00a9c868 JavaThread "Signal Dispatcher" daemon [_thread_blocked, id=808]
=>0x00a9adb8 JavaThread "JDWP Command Reader" daemon [_thread_in_native, id=2324]
  0x00a99f00 JavaThread "JDWP Event Helper Thread" daemon [_thread_blocked, id=3388]
  0x00037008 JavaThread "JDWP Transport Listener: dt_socket" daemon [_thread_blocked, id=3432]
  0x00a89f10 JavaThread "Finalizer" daemon [_thread_blocked, id=1940]
  0x00a88aa0 JavaThread "Reference Handler" daemon [_thread_blocked, id=624]

Other Threads:
  0x00a85fd8 VMThread [id=2952]

VM state:at safepoint (normal execution)

VM Mutex/Monitor currently owned by a thread:  ([mutex/lock_event])
[0x00035dd0/0x0000371c] Threads_lock - owner thread: 0x00a85fd8

Heap
 def new generation   total 576K, used 308K [0x02ad0000, 0x02b70000, 0x02fb0000)
  eden space 512K,  47% used [0x02ad0000, 0x02b0d170, 0x02b50000)
  from space 64K, 100% used [0x02b60000, 0x02b70000, 0x02b70000)
  to   space 64K,   0% used [0x02b50000, 0x02b50000, 0x02b60000)
 tenured generation   total 1408K, used 423K [0x02fb0000, 0x03110000, 0x06ad0000)
   the space 1408K,  30% used [0x02fb0000, 0x03019d60, 0x03019e00, 0x03110000)
 compacting perm gen  total 8192K, used 5838K [0x06ad0000, 0x072d0000, 0x0aad0000)
   the space 8192K,  71% used [0x06ad0000, 0x07083a18, 0x07083c00, 0x072d0000)
No shared spaces configured.

Dynamic libraries:
0x00400000 - 0x0040d000 	C:\Archivos de programa\Java\jdk1.5.0_11\jre\bin\java.exe
0x7c910000 - 0x7c9c6000 	C:\WINDOWS\system32\ntdll.dll
0x7c800000 - 0x7c902000 	C:\WINDOWS\system32\kernel32.dll
0x77da0000 - 0x77e4c000 	C:\WINDOWS\system32\ADVAPI32.dll
0x77e50000 - 0x77ee1000 	C:\WINDOWS\system32\RPCRT4.dll
0x77be0000 - 0x77c38000 	C:\WINDOWS\system32\MSVCRT.dll
0x6d740000 - 0x6d8dd000 	C:\Archivos de programa\Java\jdk1.5.0_11\jre\bin\client\jvm.dll
0x7e390000 - 0x7e420000 	C:\WINDOWS\system32\USER32.dll
0x77ef0000 - 0x77f37000 	C:\WINDOWS\system32\GDI32.dll
0x76b00000 - 0x76b2e000 	C:\WINDOWS\system32\WINMM.dll
0x5d160000 - 0x5d167000 	C:\WINDOWS\system32\serwvdrv.dll
0x5b480000 - 0x5b487000 	C:\WINDOWS\system32\umdmxfrm.dll
0x6d300000 - 0x6d308000 	C:\Archivos de programa\Java\jdk1.5.0_11\jre\bin\hpi.dll
0x76bb0000 - 0x76bbb000 	C:\WINDOWS\system32\PSAPI.DLL
0x6d400000 - 0x6d435000 	C:\Archivos de programa\Java\jdk1.5.0_11\jre\bin\jdwp.dll
0x6d710000 - 0x6d71c000 	C:\Archivos de programa\Java\jdk1.5.0_11\jre\bin\verify.dll
0x6d380000 - 0x6d39d000 	C:\Archivos de programa\Java\jdk1.5.0_11\jre\bin\java.dll
0x6d730000 - 0x6d73f000 	C:\Archivos de programa\Java\jdk1.5.0_11\jre\bin\zip.dll
0x6d290000 - 0x6d297000 	C:\Archivos de programa\Java\jdk1.5.0_11\jre\bin\dt_socket.dll
0x71a30000 - 0x71a47000 	C:\WINDOWS\system32\WS2_32.dll
0x71a20000 - 0x71a28000 	C:\WINDOWS\system32\WS2HELP.dll
0x719d0000 - 0x71a10000 	C:\WINDOWS\System32\mswsock.dll
0x76ee0000 - 0x76f07000 	C:\WINDOWS\system32\DNSAPI.dll
0x76d20000 - 0x76d39000 	C:\WINDOWS\system32\iphlpapi.dll
0x76f70000 - 0x76f78000 	C:\WINDOWS\System32\winrnr.dll
0x76f20000 - 0x76f4d000 	C:\WINDOWS\system32\WLDAP32.dll
0x16080000 - 0x16099000 	C:\Archivos de programa\Bonjour\mdnsNSP.dll
0x76f80000 - 0x76f86000 	C:\WINDOWS\system32\rasadhlp.dll
0x20b00000 - 0x20b4b000 	C:\WINDOWS\system32\imon.dll
0x774b0000 - 0x775ed000 	C:\WINDOWS\system32\ole32.dll
0x71a50000 - 0x71a5a000 	C:\WINDOWS\system32\WSOCK32.dll
0x20c00000 - 0x20c0d000 	C:\Archivos de programa\Eset\pr_imon.dll
0x66740000 - 0x66799000 	C:\WINDOWS\system32\hnetcfg.dll
0x71a10000 - 0x71a18000 	C:\WINDOWS\System32\wshtcpip.dll
0x6d070000 - 0x6d1da000 	C:\Archivos de programa\Java\jdk1.5.0_11\jre\bin\awt.dll
0x72f80000 - 0x72fa6000 	C:\WINDOWS\system32\WINSPOOL.DRV
0x76340000 - 0x7635d000 	C:\WINDOWS\system32\IMM32.dll
0x5b150000 - 0x5b188000 	C:\WINDOWS\system32\uxtheme.dll
0x736e0000 - 0x73729000 	C:\WINDOWS\system32\ddraw.dll
0x73b40000 - 0x73b46000 	C:\WINDOWS\system32\DCIMAN32.dll
0x6d2b0000 - 0x6d300000 	C:\Archivos de programa\Java\jdk1.5.0_11\jre\bin\fontmanager.dll
0x7c9d0000 - 0x7d1ef000 	C:\WINDOWS\system32\shell32.dll
0x77f40000 - 0x77fb6000 	C:\WINDOWS\system32\SHLWAPI.dll
0x773a0000 - 0x774a3000 	C:\WINDOWS\WinSxS\x86_Microsoft.Windows.Common-Controls_6595b64144ccf1df_6.0.2600.2982_x-ww_ac3f9c03\comctl32.dll
0x58c30000 - 0x58cca000 	C:\WINDOWS\system32\comctl32.dll
0x6d540000 - 0x6d553000 	C:\Archivos de programa\Java\jdk1.5.0_11\jre\bin\net.dll
0x590d0000 - 0x590d7000 	C:\WINDOWS\System32\wship6.dll
0x6d560000 - 0x6d569000 	C:\Archivos de programa\Java\jdk1.5.0_11\jre\bin\nio.dll

VM Arguments:
jvm_args: -Xdebug -Xnoagent -Djava.compiler=none -Xrunjdwp:transport=dt_socket,address=localhost:2708
java_command: gui.MainForm
Launcher Type: SUN_STANDARD

Environment Variables:
PATH=C:\WINDOWS\system32;C:\WINDOWS;C:\WINDOWS\System32\Wbem;C:\Archivos de programa\ATI Technologies\ATI.ACE\;C:\Archivos de programa\Microsoft SQL Server\80\Tools\Binn\;C:\Archivos de programa\IDM Computer Solutions\UltraEdit-32;C:\Archivos de programa\Microsoft SQL Server\90\Tools\binn\;C:\Archivos de programa\MySQL\MySQL Server 5.0\bin;C:\Archivos de programa\Nmap;C:\Archivos de programa\OpenVPN\bin;C:\Archivos de programa\Pinnacle\Shared Files;C:\Archivos de programa\Pinnacle\Shared Files\Filter
USERNAME=Beñat
OS=Windows_NT
PROCESSOR_IDENTIFIER=x86 Family 6 Model 13 Stepping 6, GenuineIntel



---------------  S Y S T E M  ---------------

OS: Windows XP Build 2600 Service Pack 2

CPU:total 1 (cores per cpu 1, threads per core 1) family 6 model 13 stepping 6, cmov, cx8, fxsr, mmx, sse, sse2

Memory: 4k page, physical 1047920k(296156k free), swap 2520548k(1892688k free)

vm_info: Java HotSpot(TM) Client VM (1.5.0_11-b03) for windows-x86, built on Dec 15 2006 01:16:12 by "java_re" with MS VC++ 6.0

