#
# An unexpected error has been detected by Java Runtime Environment:
#
#  EXCEPTION_FLT_STACK_CHECK (0xc0000092) at pc=0x0096d0a9, pid=1132, tid=4016
#
# Java VM: Java HotSpot(TM) Client VM (1.6.0_02-b06 mixed mode)
# Problematic frame:
# v  ~RuntimeStub::resolve_virtual_call
#
# If you would like to submit a bug report, please visit:
#   http://java.sun.com/webapps/bugreport/crash.jsp
#

---------------  T H R E A D  ---------------

Current thread (0x0ab1e400):  JavaThread "Swing-Shell" daemon [_thread_in_Java, id=4016]

siginfo: ExceptionCode=0xc0000092, ExceptionInformation=0x00000000 0x0bb6f654 

Registers:
EAX=0xffffffff, EBX=0x029ff8f0, ECX=0x02efc2e0, EDX=0x029ff8f0
ESP=0x0bb6f5e8, EBP=0x0bb6f6f8, ESI=0x06acf9a8, EDI=0x02efc2e0
EIP=0x0096d0a9, EFLAGS=0x00010216

Top of Stack: (sp=0x0bb6f5e8)
0x0bb6f5e8:   ffff1272 ffff0020 ffffffff 0095788f
0x0bb6f5f8:   073c001b 0bb6f580 ffff0023 00360036
0x0bb6f608:   00000036 0d0dffff 0000000d ffff0000
0x0bb6f618:   0b131fb0 6d99ca03 29400228 0011069f
0x0bb6f628:   00010000 f9de6000 b504f333 00003fff
0x0bb6f638:   00000000 ffff0000 00000000 80000000
0x0bb6f648:   00004001 40000000 40139500 07556ca0
0x0bb6f658:   00000000 075532d0 00000000 0bb6f670 

Instructions: (pc=0x0096d0a9)
0x0096d099:   00 00 83 ec 6c dd 34 24 9b dd 24 24 dd 5c 24 6c
0x0096d0a9:   dd 5c 24 74 dd 5c 24 7c dd 9c 24 84 00 00 00 dd 


Stack: [0x0bb20000,0x0bb70000),  sp=0x0bb6f5e8,  free space=317k
Native frames: (J=compiled Java code, j=interpreted, Vv=VM code, C=native code)
v  ~RuntimeStub::resolve_virtual_call
J  java.io.File.<init>(Ljava/lang/String;)V
j  sun.awt.shell.ShellFolder.<init>(Lsun/awt/shell/ShellFolder;Ljava/lang/String;)V+11
j  sun.awt.shell.Win32ShellFolder2.<init>(Lsun/awt/shell/Win32ShellFolder2;J)V+17
j  sun.awt.shell.Win32ShellFolderManager2.createShellFolderFromRelativePIDL(Lsun/awt/shell/Win32ShellFolder2;J)Lsun/awt/shell/Win32ShellFolder2;+23
j  sun.awt.shell.Win32ShellFolder2$12.call()Lsun/awt/shell/ShellFolder;+50
j  sun.awt.shell.Win32ShellFolder2$12.call()Ljava/lang/Object;+1
J  java.util.concurrent.FutureTask$Sync.innerRun()V
J  java.util.concurrent.FutureTask.run()V
J  java.util.concurrent.ThreadPoolExecutor$Worker.runTask(Ljava/lang/Runnable;)V
j  java.util.concurrent.ThreadPoolExecutor$Worker.run()V+28
j  sun.awt.shell.Win32ShellFolder2$ComTaskExecutor$2.run()V+7
j  java.lang.Thread.run()V+11
v  ~StubRoutines::call_stub


---------------  P R O C E S S  ---------------

Java Threads: ( => current thread )
  0x0ab0fc00 JavaThread "Image Fetcher 0" daemon [_thread_blocked, id=4672]
=>0x0ab1e400 JavaThread "Swing-Shell" daemon [_thread_in_Java, id=4016]
  0x0b1e2400 JavaThread "MySQL Statement Cancellation Timer" daemon [_thread_blocked, id=3568]
  0x0b198400 JavaThread "TimerQueue" daemon [_thread_blocked, id=5900]
  0x002e6800 JavaThread "DestroyJavaVM" [_thread_blocked, id=292]
  0x0b131c00 JavaThread "AWT-EventQueue-0" [_thread_blocked, id=4340]
  0x0b0f3800 JavaThread "AWT-Windows" daemon [_thread_in_native, id=1824]
  0x0b0f2400 JavaThread "AWT-Shutdown" [_thread_blocked, id=2156]
  0x0b0f1400 JavaThread "Java2D Disposer" daemon [_thread_blocked, id=5444]
  0x0ab02800 JavaThread "Low Memory Detector" daemon [_thread_blocked, id=2548]
  0x0ab01400 JavaThread "CompilerThread0" daemon [_thread_blocked, id=3888]
  0x0aaf5c00 JavaThread "JDWP Command Reader" daemon [_thread_in_native, id=5936]
  0x0aaf4800 JavaThread "JDWP Event Helper Thread" daemon [_thread_blocked, id=640]
  0x0aaf2800 JavaThread "JDWP Transport Listener: dt_socket" daemon [_thread_blocked, id=3628]
  0x0aae7800 JavaThread "Attach Listener" daemon [_thread_blocked, id=4240]
  0x0aae6c00 JavaThread "Signal Dispatcher" daemon [_thread_blocked, id=3800]
  0x0aad7400 JavaThread "Finalizer" daemon [_thread_blocked, id=2736]
  0x0aad3000 JavaThread "Reference Handler" daemon [_thread_blocked, id=4196]

Other Threads:
  0x0aacfc00 VMThread [id=6056]
  0x0ab04000 WatcherThread [id=3592]

VM state:not at safepoint (normal execution)

VM Mutex/Monitor currently owned by a thread: None

Heap
 def new generation   total 1024K, used 319K [0x029c0000, 0x02ad0000, 0x02ea0000)
  eden
[error occurred during error reporting, step 190, id 0xc0000092]

Dynamic libraries:
0x00400000 - 0x00423000 	C:\Archivos de programa\Java\jdk1.6.0_02\jre\bin\java.exe
0x7c910000 - 0x7c9c6000 	C:\WINDOWS\system32\ntdll.dll
0x7c800000 - 0x7c902000 	C:\WINDOWS\system32\kernel32.dll
0x77da0000 - 0x77e4c000 	C:\WINDOWS\system32\ADVAPI32.dll
0x77e50000 - 0x77ee1000 	C:\WINDOWS\system32\RPCRT4.dll
0x7c340000 - 0x7c396000 	C:\Archivos de programa\Java\jdk1.6.0_02\jre\bin\msvcr71.dll
0x6d870000 - 0x6dab9000 	C:\Archivos de programa\Java\jdk1.6.0_02\jre\bin\client\jvm.dll
0x7e390000 - 0x7e420000 	C:\WINDOWS\system32\USER32.dll
0x77ef0000 - 0x77f37000 	C:\WINDOWS\system32\GDI32.dll
0x76b00000 - 0x76b2e000 	C:\WINDOWS\system32\WINMM.dll
0x5d160000 - 0x5d167000 	C:\WINDOWS\system32\serwvdrv.dll
0x5b480000 - 0x5b487000 	C:\WINDOWS\system32\umdmxfrm.dll
0x6d3c0000 - 0x6d3c8000 	C:\Archivos de programa\Java\jdk1.6.0_02\jre\bin\hpi.dll
0x76bb0000 - 0x76bbb000 	C:\WINDOWS\system32\PSAPI.DLL
0x6d4b0000 - 0x6d4d9000 	C:\Archivos de programa\Java\jdk1.6.0_02\jre\bin\jdwp.dll
0x6d770000 - 0x6d776000 	C:\Archivos de programa\Java\jdk1.6.0_02\jre\bin\npt.dll
0x6d820000 - 0x6d82c000 	C:\Archivos de programa\Java\jdk1.6.0_02\jre\bin\verify.dll
0x6d460000 - 0x6d47f000 	C:\Archivos de programa\Java\jdk1.6.0_02\jre\bin\java.dll
0x6d860000 - 0x6d86f000 	C:\Archivos de programa\Java\jdk1.6.0_02\jre\bin\zip.dll
0x6d330000 - 0x6d337000 	C:\Archivos de programa\Java\jdk1.6.0_02\jre\bin\dt_socket.dll
0x71a30000 - 0x71a47000 	C:\WINDOWS\system32\WS2_32.dll
0x77be0000 - 0x77c38000 	C:\WINDOWS\system32\msvcrt.dll
0x71a20000 - 0x71a28000 	C:\WINDOWS\system32\WS2HELP.dll
0x719d0000 - 0x71a10000 	C:\WINDOWS\System32\mswsock.dll
0x76ee0000 - 0x76f07000 	C:\WINDOWS\system32\DNSAPI.dll
0x76f70000 - 0x76f78000 	C:\WINDOWS\System32\winrnr.dll
0x76f20000 - 0x76f4d000 	C:\WINDOWS\system32\WLDAP32.dll
0x16080000 - 0x16099000 	C:\Archivos de programa\Bonjour\mdnsNSP.dll
0x76d20000 - 0x76d39000 	C:\WINDOWS\system32\Iphlpapi.dll
0x76f80000 - 0x76f86000 	C:\WINDOWS\system32\rasadhlp.dll
0x20b00000 - 0x20b4b000 	C:\WINDOWS\system32\imon.dll
0x774b0000 - 0x775ed000 	C:\WINDOWS\system32\ole32.dll
0x71a50000 - 0x71a5a000 	C:\WINDOWS\system32\WSOCK32.dll
0x20c00000 - 0x20c0d000 	C:\Archivos de programa\Eset\pr_imon.dll
0x66740000 - 0x66799000 	C:\WINDOWS\system32\hnetcfg.dll
0x71a10000 - 0x71a18000 	C:\WINDOWS\System32\wshtcpip.dll
0x6d0b0000 - 0x6d273000 	C:\Archivos de programa\Java\jdk1.6.0_02\jre\bin\awt.dll
0x72f80000 - 0x72fa6000 	C:\WINDOWS\system32\WINSPOOL.DRV
0x76340000 - 0x7635d000 	C:\WINDOWS\system32\IMM32.dll
0x5b150000 - 0x5b188000 	C:\WINDOWS\system32\uxtheme.dll
0x736e0000 - 0x73729000 	C:\WINDOWS\system32\ddraw.dll
0x73b40000 - 0x73b46000 	C:\WINDOWS\system32\DCIMAN32.dll
0x7c9d0000 - 0x7d1ef000 	C:\WINDOWS\system32\shell32.dll
0x77f40000 - 0x77fb6000 	C:\WINDOWS\system32\SHLWAPI.dll
0x773a0000 - 0x774a3000 	C:\WINDOWS\WinSxS\x86_Microsoft.Windows.Common-Controls_6595b64144ccf1df_6.0.2600.2982_x-ww_ac3f9c03\comctl32.dll
0x58c30000 - 0x58cca000 	C:\WINDOWS\system32\comctl32.dll
0x6d360000 - 0x6d3b3000 	C:\Archivos de programa\Java\jdk1.6.0_02\jre\bin\fontmanager.dll
0x6d620000 - 0x6d633000 	C:\Archivos de programa\Java\jdk1.6.0_02\jre\bin\net.dll
0x590d0000 - 0x590d7000 	C:\WINDOWS\System32\wship6.dll
0x6d640000 - 0x6d649000 	C:\Archivos de programa\Java\jdk1.6.0_02\jre\bin\nio.dll
0x597f0000 - 0x59844000 	C:\WINDOWS\system32\netapi32.dll
0x76f90000 - 0x7700f000 	C:\WINDOWS\system32\CLBCATQ.DLL
0x77010000 - 0x770e0000 	C:\WINDOWS\system32\COMRes.dll
0x770f0000 - 0x7717c000 	C:\WINDOWS\system32\OLEAUT32.dll
0x77bd0000 - 0x77bd8000 	C:\WINDOWS\system32\VERSION.dll
0x76940000 - 0x76948000 	C:\WINDOWS\system32\LINKINFO.dll
0x76950000 - 0x76976000 	C:\WINDOWS\system32\ntshrui.dll
0x76ae0000 - 0x76af1000 	C:\WINDOWS\system32\ATL.DLL
0x76630000 - 0x766e4000 	C:\WINDOWS\system32\USERENV.dll
0x778f0000 - 0x779e7000 	C:\WINDOWS\system32\SETUPAPI.dll
0x75dd0000 - 0x75e61000 	C:\WINDOWS\system32\MLANG.dll
0x77b10000 - 0x77b32000 	C:\WINDOWS\system32\appHelp.dll
0x73300000 - 0x73357000 	C:\WINDOWS\system32\zipfldr.dll
0x71aa0000 - 0x71ab2000 	C:\WINDOWS\system32\MPR.dll
0x75f10000 - 0x75f17000 	C:\WINDOWS\System32\drprov.dll
0x71bb0000 - 0x71bbe000 	C:\WINDOWS\System32\ntlanman.dll
0x71c70000 - 0x71c87000 	C:\WINDOWS\System32\NETUI0.dll
0x71c30000 - 0x71c70000 	C:\WINDOWS\System32\NETUI1.dll
0x71c20000 - 0x71c27000 	C:\WINDOWS\System32\NETRAP.dll
0x71b90000 - 0x71ba3000 	C:\WINDOWS\System32\SAMLIB.dll
0x75f20000 - 0x75f29000 	C:\WINDOWS\System32\davclnt.dll
0x5a500000 - 0x5a54e000 	C:\Archivos de programa\MSN Messenger\fsshext.8.1.0178.00.dll
0x78130000 - 0x781cb000 	C:\WINDOWS\WinSxS\x86_Microsoft.VC80.CRT_1fc8b3b9a1e18e3b_8.0.50727.762_x-ww_6b128700\MSVCR80.dll
0x4eba0000 - 0x4ed43000 	C:\WINDOWS\WinSxS\x86_Microsoft.Windows.GdiPlus_6595b64144ccf1df_1.0.2600.2180_x-ww_522f9f82\gdiplus.dll
0x779f0000 - 0x77a45000 	C:\WINDOWS\System32\cscui.dll
0x765b0000 - 0x765cd000 	C:\WINDOWS\System32\CSCDLL.dll
0x16210000 - 0x1648e000 	C:\WINDOWS\system32\wpdshext.dll
0x10930000 - 0x10979000 	C:\WINDOWS\system32\PortableDeviceApi.dll
0x76bf0000 - 0x76c1e000 	C:\WINDOWS\system32\WINTRUST.dll
0x77a50000 - 0x77ae5000 	C:\WINDOWS\system32\CRYPT32.dll
0x77af0000 - 0x77b02000 	C:\WINDOWS\system32\MSASN1.dll
0x76c50000 - 0x76c78000 	C:\WINDOWS\system32\IMAGEHLP.dll
0x73cf0000 - 0x73d03000 	C:\WINDOWS\system32\shgina.dll
0x75920000 - 0x75a18000 	C:\WINDOWS\system32\MSGINA.dll
0x76310000 - 0x76320000 	C:\WINDOWS\system32\WINSTA.dll
0x745e0000 - 0x7461d000 	C:\WINDOWS\system32\ODBC32.dll
0x76360000 - 0x763aa000 	C:\WINDOWS\system32\comdlg32.dll
0x20000000 - 0x20018000 	C:\WINDOWS\system32\odbcint.dll
0x77fc0000 - 0x77fd1000 	C:\WINDOWS\system32\Secur32.dll
0x0c940000 - 0x0c986000 	C:\WINDOWS\system32\Audiodev.dll
0x15110000 - 0x1536a000 	C:\WINDOWS\system32\WMVCore.DLL
0x11c70000 - 0x11ca9000 	C:\WINDOWS\system32\WMASF.DLL
0x4eee0000 - 0x4ef73000 	C:\WINDOWS\system32\wiashext.dll
0x43330000 - 0x433ff000 	C:\WINDOWS\system32\WININET.dll
0x0c560000 - 0x0c569000 	C:\WINDOWS\system32\Normaliz.dll
0x430b0000 - 0x430f5000 	C:\WINDOWS\system32\iertutil.dll
0x0ca50000 - 0x0cd26000 	C:\WINDOWS\system32\xpsp2res.dll
0x73b20000 - 0x73b34000 	C:\WINDOWS\system32\sti.dll
0x74a70000 - 0x74a77000 	C:\WINDOWS\system32\CFGMGR32.dll
0x5c2e0000 - 0x5c331000 	C:\Archivos de programa\OpenOffice.org 2.0\program\shlxthdl.dll
0x60b30000 - 0x60b48000 	C:\Archivos de programa\OpenOffice.org 2.0\program\uwinapi.dll
0x62410000 - 0x6249e000 	C:\Archivos de programa\OpenOffice.org 2.0\program\stlport_vc7145.dll
0x7c3a0000 - 0x7c41b000 	C:\Archivos de programa\OpenOffice.org 2.0\program\MSVCP71.dll
0x10000000 - 0x1005b000 	C:\Archivos de programa\Archivos comunes\Adobe\Acrobat\ActiveX\PDFShell.dll
0x0cdd0000 - 0x0ce1c000 	C:\Archivos de programa\Archivos comunes\Adobe\Acrobat\ActiveX\PDFShell.ESP
0x0d0f0000 - 0x0d1c1000 	C:\ARCHIV~1\ALCOHO~1\ALCOHO~1\AxShlex.dll
0x5f1f0000 - 0x5f207000 	C:\WINDOWS\system32\OLEPRO32.DLL
0x0d2d0000 - 0x0d392000 	C:\Archivos de programa\Alcohol Soft\Alcohol 120\alcoholx.dll
0x77660000 - 0x77681000 	C:\WINDOWS\system32\NTMARTA.DLL
0x0c570000 - 0x0c59d000 	C:\Archivos de programa\Alcohol Soft\Alcohol 120\PFCTOC.DLL
0x0c5b0000 - 0x0c5b5000 	C:\Archivos de programa\Alcohol Soft\Alcohol 120\Plugins\Images\ccdmount.dll
0x0c5c0000 - 0x0c5c5000 	C:\Archivos de programa\Alcohol Soft\Alcohol 120\Plugins\Images\cuemount.dll
0x0c5d0000 - 0x0c5d6000 	C:\Archivos de programa\Alcohol Soft\Alcohol 120\Plugins\Images\nrgmount.dll
0x0c5e0000 - 0x0c5e5000 	C:\Archivos de programa\Alcohol Soft\Alcohol 120\Plugins\Images\pdimount.dll
0x6bd10000 - 0x6bd20000 	C:\Archivos de programa\Microsoft Office\Office12\msohevi.dll

VM Arguments:
jvm_args: -Xdebug -Xnoagent -Djava.compiler=none -Xrunjdwp:transport=dt_socket,address=localhost:2465
java_command: ingrGast.gui.MainForm
Launcher Type: SUN_STANDARD

Environment Variables:
PATH=C:\WINDOWS\system32;C:\WINDOWS;C:\WINDOWS\System32\Wbem;C:\Archivos de programa\ATI Technologies\ATI.ACE\;C:\Archivos de programa\Microsoft SQL Server\80\Tools\Binn\;C:\Archivos de programa\IDM Computer Solutions\UltraEdit-32;C:\Archivos de programa\Microsoft SQL Server\90\Tools\binn\;C:\Archivos de programa\MySQL\MySQL Server 5.0\bin;C:\Archivos de programa\Subversion\bin;C:\Archivos de programa\Nmap;C:\Archivos de programa\OpenVPN\bin;C:\Archivos de programa\Pinnacle\Shared Files;C:\Archivos de programa\Pinnacle\Shared Files\Filter;C:\Archivos de programa\Archivos comunes\Ahead\Lib\
USERNAME=Beñat
OS=Windows_NT
PROCESSOR_IDENTIFIER=x86 Family 6 Model 13 Stepping 6, GenuineIntel



---------------  S Y S T E M  ---------------

OS: Windows XP Build 2600 Service Pack 2

CPU:total 1 (1 cores per cpu, 1 threads per core) family 6 model 13 stepping 6, cmov, cx8, fxsr, mmx, sse, sse2

Memory: 4k page, physical 1047920k(261292k free), swap 2520548k(1831040k free)

vm_info: Java HotSpot(TM) Client VM (1.6.0_02-b06) for windows-x86, built on Jul 12 2007 01:16:14 by "java_re" with unknown MS VC++:1310

